Determining if the pthread_create exist failed with the following output:
Change Dir: /home/jonas/catkin_ws/build/CMakeFiles/CMakeTmp

Run Build Command:"/usr/bin/make" "cmTC_8ffde/fast"
/usr/bin/make -f CMakeFiles/cmTC_8ffde.dir/build.make CMakeFiles/cmTC_8ffde.dir/build
make[1]: Entering directory '/home/jonas/catkin_ws/build/CMakeFiles/CMakeTmp'
Building C object CMakeFiles/cmTC_8ffde.dir/CheckSymbolExists.c.o
/usr/bin/cc     -o CMakeFiles/cmTC_8ffde.dir/CheckSymbolExists.c.o   -c /home/jonas/catkin_ws/build/CMakeFiles/CMakeTmp/CheckSymbolExists.c
Linking C executable cmTC_8ffde
/usr/bin/cmake -E cmake_link_script CMakeFiles/cmTC_8ffde.dir/link.txt --verbose=1
/usr/bin/cc       CMakeFiles/cmTC_8ffde.dir/CheckSymbolExists.c.o  -o cmTC_8ffde -rdynamic 
CMakeFiles/cmTC_8ffde.dir/CheckSymbolExists.c.o: In function `main':
CheckSymbolExists.c:(.text+0x16): undefined reference to `pthread_create'
collect2: error: ld returned 1 exit status
CMakeFiles/cmTC_8ffde.dir/build.make:97: recipe for target 'cmTC_8ffde' failed
make[1]: *** [cmTC_8ffde] Error 1
make[1]: Leaving directory '/home/jonas/catkin_ws/build/CMakeFiles/CMakeTmp'
Makefile:126: recipe for target 'cmTC_8ffde/fast' failed
make: *** [cmTC_8ffde/fast] Error 2

File /home/jonas/catkin_ws/build/CMakeFiles/CMakeTmp/CheckSymbolExists.c:
/* */
#include <pthread.h>

int main(int argc, char** argv)
{
  (void)argv;
#ifndef pthread_create
  return ((int*)(&pthread_create))[argc];
#else
  (void)argc;
  return 0;
#endif
}

Determining if the function pthread_create exists in the pthreads failed with the following output:
Change Dir: /home/jonas/catkin_ws/build/CMakeFiles/CMakeTmp

Run Build Command:"/usr/bin/make" "cmTC_badf5/fast"
/usr/bin/make -f CMakeFiles/cmTC_badf5.dir/build.make CMakeFiles/cmTC_badf5.dir/build
make[1]: Entering directory '/home/jonas/catkin_ws/build/CMakeFiles/CMakeTmp'
Building C object CMakeFiles/cmTC_badf5.dir/CheckFunctionExists.c.o
/usr/bin/cc    -DCHECK_FUNCTION_EXISTS=pthread_create   -o CMakeFiles/cmTC_badf5.dir/CheckFunctionExists.c.o   -c /usr/share/cmake-3.5/Modules/CheckFunctionExists.c
Linking C executable cmTC_badf5
/usr/bin/cmake -E cmake_link_script CMakeFiles/cmTC_badf5.dir/link.txt --verbose=1
/usr/bin/cc   -DCHECK_FUNCTION_EXISTS=pthread_create    CMakeFiles/cmTC_badf5.dir/CheckFunctionExists.c.o  -o cmTC_badf5 -rdynamic -lpthreads 
/usr/bin/ld: cannot find -lpthreads
collect2: error: ld returned 1 exit status
CMakeFiles/cmTC_badf5.dir/build.make:97: recipe for target 'cmTC_badf5' failed
make[1]: *** [cmTC_badf5] Error 1
make[1]: Leaving directory '/home/jonas/catkin_ws/build/CMakeFiles/CMakeTmp'
Makefile:126: recipe for target 'cmTC_badf5/fast' failed
make: *** [cmTC_badf5/fast] Error 2


